Syntax error: warning, undefined global variable
List( [-8..8], k -> Binomial( 0, k ) );
                            ^
Syntax error: warning, undefined global variable
List( [-8..8], n -> Binomial( n, 0 ) );
                            ^
Syntax error: warning, undefined global variable
List( [0..10], n -> Bell(n) );
                        ^
Syntax error: warning, undefined global variable
List( [0..10], n -> Sum( [0..n], k -> Stirling2( n, k ) ) );
                       ^
Syntax error: warning, undefined global variable
List( [0..10], n -> Sum( [0..n], k -> Stirling2( n, k ) ) );
                                               ^
Syntax error: warning, undefined global variable
List( [-8..8], k -> Stirling1( 0, k ) );
                             ^
Syntax error: warning, undefined global variable
List( [-8..8], n -> Stirling1( n, 0 ) );
                             ^
Syntax error: warning, undefined global variable
ForAll( [-145..145], n -> ForAll( [-145..145], k ->
                                ^
Syntax error: warning, undefined global variable
    Stirling1(n,k) = (n-1) * Stirling1(n-1,k) + Stirling1(n-1,k-1) ) );
             ^
Syntax error: warning, undefined global variable
    Stirling1(n,k) = (n-1) * Stirling1(n-1,k) + Stirling1(n-1,k-1) ) );
                                      ^
Syntax error: warning, undefined global variable
    Stirling1(n,k) = (n-1) * Stirling1(n-1,k) + Stirling1(n-1,k-1) ) );
                                                         ^
Syntax error: warning, undefined global variable
List( [-8..8], k -> Stirling2( 0, k ) );
                             ^
Syntax error: warning, undefined global variable
List( [-8..8], n -> Stirling2( n, 0 ) );
                             ^
Syntax error: warning, undefined global variable
ForAll( [-145..145], n -> ForAll( [-145..145], k ->
                                ^
Syntax error: warning, undefined global variable
    Stirling2(n,k) = k * Stirling2(n-1,k) + Stirling2(n-1,k-1) ) );
             ^
Syntax error: warning, undefined global variable
    Stirling2(n,k) = k * Stirling2(n-1,k) + Stirling2(n-1,k-1) ) );
                                  ^
Syntax error: warning, undefined global variable
    Stirling2(n,k) = k * Stirling2(n-1,k) + Stirling2(n-1,k-1) ) );
                                                     ^
Syntax error: warning, undefined global variable
List( [0..1], k -> Combinations( [], k ) );
                               ^
Syntax error: warning, undefined global variable
List( [0..5], k -> Combinations( [1..4], k ) );
                               ^
Syntax error: warning, undefined global variable
List( [0..5], k -> Combinations( [1,2,2,3], k ) );
                               ^
Syntax error: warning, undefined global variable
List( [0..1], k -> NrCombinations( [], k ) );
                                 ^
Syntax error: warning, undefined global variable
List( [0..5], k -> NrCombinations( [1..4], k ) );
                                 ^
Syntax error: warning, undefined global variable
List( [0..5], k -> NrCombinations( [1,2,2,3], k ) );
                                 ^
Syntax error: warning, undefined global variable
List( [0..1], k -> Arrangements( [], k ) );
                               ^
Syntax error: warning, undefined global variable
List( [0..4], k -> Arrangements( [1..3], k ) );
                               ^
Syntax error: warning, undefined global variable
List( [0..5], k -> Arrangements( [1,2,2,3], k ) );
                               ^
Syntax error: warning, undefined global variable
List( [0..1], k -> NrArrangements( [], k ) );
                                 ^
Syntax error: warning, undefined global variable
List( [0..4], k -> NrArrangements( [1..3], k ) );
                                 ^
Syntax error: warning, undefined global variable
List( [0..5], k -> NrArrangements( [1,2,2,3], k ) );
                                 ^
Syntax error: warning, undefined global variable
List( [0..1], k -> UnorderedTuples( [], k ) );
                                  ^
Syntax error: warning, undefined global variable
List( [0..4], k -> UnorderedTuples( [1..3], k ) );
                                  ^
Syntax error: warning, undefined global variable
List( [0..1], k -> NrUnorderedTuples( [], k ) );
                                    ^
Syntax error: warning, undefined global variable
List( [0..4], k -> NrUnorderedTuples( [1..3], k ) );
                                    ^
Syntax error: warning, undefined global variable
List( [0..1], k -> Tuples( [], k ) );
                         ^
Syntax error: warning, undefined global variable
List( [0..3], k -> Tuples( [1..3], k ) );
                         ^
Syntax error: warning, undefined global variable
List( [0..1], k -> NrTuples( [], k ) );
                           ^
Syntax error: warning, undefined global variable
List( [0..3], k -> NrTuples( [1..3], k ) );
                           ^
Syntax error: warning, undefined global variable
List( [0..1], k -> PartitionsSet( [], k ) );
                                ^
Syntax error: warning, undefined global variable
List( [0..4], k -> PartitionsSet( [1..3], k ) );
                                ^
Syntax error: warning, undefined global variable
List( [0..1], k -> NrPartitionsSet( [], k ) );
                                  ^
Syntax error: warning, undefined global variable
List( [0..4], k -> NrPartitionsSet( [1,2,3], k ) );
                                  ^
Syntax error: warning, undefined global variable
List( [0..1], k -> Partitions( 0, k ) );
                             ^
Syntax error: warning, undefined global variable
List( [0..7], k -> Partitions( 6, k ) );
                             ^
Syntax error: warning, undefined global variable
List( [0..1], k -> NrPartitions( 0, k ) );
                               ^
Syntax error: warning, undefined global variable
List( [0..7], k -> NrPartitions( 6, k ) );
                               ^
Syntax error: warning, undefined global variable
List( [0..1], k -> OrderedPartitions( 0, k ) );
                                    ^
Syntax error: warning, undefined global variable
List( [0..6], k -> OrderedPartitions( 5, k ) );
                                    ^
Syntax error: warning, undefined global variable
List( [0..1], k -> NrOrderedPartitions( 0, k ) );
                                      ^
Syntax error: warning, undefined global variable
List( [0..6], k -> NrOrderedPartitions( 5, k ) );
                                      ^
Syntax error: warning, undefined global variable
List( [0..1], k -> RestrictedPartitions( 0, [1..10], k ) );
                                       ^
Syntax error: warning, undefined global variable
List( [1..10], k -> RestrictedPartitions( 10, [1,2,5,10], k ) );
                                        ^
Syntax error: warning, undefined global variable
List( [1..20], k -> RestrictedPartitions( 20, [2,5,10], k ) );
                                        ^
Syntax error: warning, undefined global variable
List( [0..1], k -> NrRestrictedPartitions( 0, [1..10], k ) );
                                         ^
Syntax error: warning, undefined global variable
List( [1..50], k -> NrRestrictedPartitions( 50, [1,2,5,10], k ) );
                                          ^
Syntax error: warning, undefined global variable
List( [1..50], k -> NrRestrictedPartitions( 50, [2,5,10], k ) );
                                          ^
Syntax error: warning, undefined global variable
List( [0..10], i->Lucas(1,-2,i)[1] );
                       ^
Syntax error: warning, undefined global variable
List( [0..10], i->Lucas(1,-2,i)[2] );
                       ^
Syntax error: warning, undefined global variable
List( [0..10], i->Lucas(1,-1,i)[1] );
                       ^
Syntax error: warning, undefined global variable
List( [0..10], i->Lucas(2,1,i)[1] );
                       ^
Syntax error: warning, undefined global variable
n2 := Sum( [1..n1], i -> Size( L.classes[i] ) );;
                             ^
Syntax error: warning, undefined global variable
n2 := Sum( [1..n1], i -> Size( L.classes[i] ) );;
                                ^
G has Syntax error: warning, undefined global variable
 if(IsTrivial(G1)) then return G2; fi;
             ^
Syntax error: warning, undefined global variable
 if(IsTrivial(G2)) then return G1; fi;
             ^
Syntax error: warning, undefined global variable
 n:=PermGroupOps.LargestMovedPoint(G1);
                ^
Syntax error: warning, undefined global variable
 m:=PermGroupOps.LargestMovedPoint(G2);
                ^
Syntax error: warning, undefined global variable
 return Group(newgens,());
             ^
Syntax error: warning, undefined global variable
 sgs:=List(primes, x->[]);
          ^
Syntax error: warning, undefined global variable
 sgsvecs:=List(primes, x->[]);
              ^
Syntax error: warning, undefined global variable
 sigpos:=List(primes, x->[]);
             ^
Syntax error: warning, undefined global variable
 H:=Group(());
         ^
Syntax error: warning, undefined global variable
 U:=Size(H);  # compute stab.chain for H
        ^
Syntax error: warning, undefined global variable
     H:=ClosureNormalizingElementPermGroup(H,y);
                                          ^
Syntax error: warning, undefined global variable
 permlist:=List([1..n],x->-1);
               ^
Syntax error: warning, undefined global variable
 checklist:=List([1..n],x->false);
                ^
Syntax error: warning, undefined global variable
  while i <= Length(PPP) and PPPprimes[i-100] <> p do i:=i+1; od;
                       ^
Syntax error: warning, undefined global variable
  if i>Length(PPP) then
                 ^
Syntax error: warning, undefined global variable
    PPP[i]:=[];
       ^
Syntax error: warning, undefined global variable
  if not IsBound(PPP[i][k]) then PPP[i][k]:=ElAbGens(p,k); fi;
                    ^
Syntax error: warning, undefined global variable
  if not IsBound(PPP[i][k]) then PPP[i][k]:=ElAbGens(p,k); fi;
                                    ^
Syntax error: warning, undefined global variable
  gens:=PPP[i][k];
           ^
Syntax error: warning, undefined global variable
  if not IsBound(PPP[p][k]) then PPP[p][k]:=ElAbGens(p,k); fi;
                    ^
Syntax error: warning, undefined global variable
  if not IsBound(PPP[p][k]) then PPP[p][k]:=ElAbGens(p,k); fi;
                                    ^
Syntax error: warning, undefined global variable
  gens:=PPP[p][k];
           ^
Syntax error: warning, undefined global variable
 n:=PermGroupOps.LargestMovedPoint(G);
                ^
Syntax error: warning, undefined global variable
 prims:=FactorsInt(n);
                  ^
Syntax error: warning, undefined global variable
 topstruct:=ElementaryAbelianNormalSeries(Group(newgens,()),1);
                                               ^
Syntax error: warning, undefined global variable
         return Concatenation(vector);
                             ^
Syntax error: warning, undefined global variable
 n:=PermGroupOps.LargestMovedPoint(G);
                ^
Syntax error: warning, undefined global variable
 blocks:=MaximalBlocks(G,[1..n]);
                      ^
Syntax error: warning, undefined global variable
 topstruct:=EANSPrimitive(Group(newgens,()));
                               ^
Syntax error: warning, undefined global variable
 inclosure:=List([1..m],x->false);
                ^
Syntax error: warning, undefined global variable
 forwardmaps:=List([1..m],x->[1..blocklen]);
                  ^
Syntax error: warning, undefined global variable
 bottomstruct:=EANSTransitive(Group(newgens,()));
                                   ^
Syntax error: warning, undefined global variable
 n:=PermGroupOps.LargestMovedPoint(G);
                ^
Syntax error: warning, undefined global variable
 orbits:=Orbits(G,[1..n]);
               ^
Syntax error: warning, undefined global variable
  PermGroupOps.TryElementaryAbelianSeries(G); # number of orbits
              ^
Syntax error: warning, undefined global variable
   orbitstruct:=EANSTransitive(Group(newgens,()));
                                    ^
Syntax error: warning, undefined global variable
 e:=List([1..ncols],x->0);
        ^
Syntax error: warning, undefined global variable
 gens:=Concatenation(gens1,gens2);
                    ^
Syntax error: warning, undefined global variable
 rels:=List(gens,x->[]);
           ^
Syntax error: warning, undefined global variable
   Add(rels[ig],Concatenation(rel,reltail));
                             ^
Syntax error: warning, undefined global variable
   Add(rels[i],Concatenation(rel,reltail));
                            ^
Syntax error: warning, undefined global variable
 if not (p in eans.primes) then return Group(()); fi;
                                            ^
Syntax error: warning, undefined global variable
 return Group(generators,());
             ^
Syntax error: warning, undefined global variable
 gens:=Concatenation(gens1,gens2);
                    ^
Syntax error: warning, undefined global variable
 rels:=List(gens,x->[]);
           ^
Syntax error: warning, undefined global variable
 vals:=List(gens,x->[]);
           ^
Syntax error: warning, undefined global variable
   Add(rels[ig],Concatenation(rel,reltail));
                             ^
Syntax error: warning, undefined global variable
   Add(rels[i],Concatenation(rel,reltail));
                            ^
Syntax error: warning, undefined global variable
 if(IsTrivial(G1)) then return G2; fi;
             ^
Syntax error: warning, undefined global variable
 if(IsTrivial(G2)) then return G1; fi;
             ^
Syntax error: warning, undefined global variable
 n:=PermGroupOps.LargestMovedPoint(G1);
                ^
Syntax error: warning, undefined global variable
 m:=PermGroupOps.LargestMovedPoint(G2);
                ^
Syntax error: warning, undefined global variable
 return Group(newgens,());
             ^
Syntax error: warning, undefined global variable
 if(IsTrivial(G1)) then return G2; fi;
             ^
Syntax error: warning, undefined global variable
 if(IsTrivial(G2)) then return G1; fi;
             ^
Syntax error: warning, undefined global variable
 n:=PermGroupOps.LargestMovedPoint(G1);
                ^
Syntax error: warning, undefined global variable
 m:=PermGroupOps.LargestMovedPoint(G2);
                ^
Syntax error: warning, undefined global variable
 return Group(newgens,());
             ^
Syntax error: warning, undefined global variable
   gens[i]:=PermList(Concatenation([1..first-1],t+(first-1)));
                                  ^
Syntax error: warning, undefined global variable
 return Group(gens,());
             ^
Syntax error: warning, undefined global variable
 v:=List([1..d],x->0);
        ^
Syntax error: warning, undefined global variable
 v:=List([1..d],x->0);
        ^
Syntax error: warning, undefined global variable
 vec:=List([1..d],x->0);
          ^
Syntax error: warning, undefined global variable
 M:=List([1..d],x->List([1..d],y->0));
        ^
Syntax error: warning, undefined global variable
 M:=List([1..d],x->List([1..d],y->0));
                       ^
Syntax error: warning, undefined global variable
 return List(VectorSpaceToPerms(p,d),x->PermToPermmat(x,p^d));
            ^
Syntax error: warning, undefined global variable
 vec:=List([1..d],x->0);
          ^
Syntax error: warning, undefined global variable
 M:=List([1..p^d],x->List([1..p^d],y->0));
        ^
Syntax error: warning, undefined global variable
 M:=List([1..p^d],x->List([1..p^d],y->0));
                         ^
Syntax error: warning, undefined global variable
  v:=List([1..d],x->0);
         ^
Syntax error: warning, undefined global variable
 return List(matrices,x->PermToPermmat(MatrixMultToPerm(x,p,d),p^d));
            ^
Syntax error: warning, undefined global variable
 matrixgens:=Concatenation(X_V_Generators(2,3),
                          ^
Syntax error: warning, undefined global variable
 return Group(Concatenation( List(matrixgens, x->MatrixMultToPerm(x,3,8)),
             ^
Syntax error: warning, undefined global variable
 return Group(Concatenation( List(matrixgens, x->MatrixMultToPerm(x,3,8)),
                           ^
Syntax error: warning, undefined global variable
 return Group(Concatenation( List(matrixgens, x->MatrixMultToPerm(x,3,8)),
                                 ^
Syntax error: warning, undefined global variable
 M:=List([1..p^d],x->List([1..p^d],y->0));
        ^
Syntax error: warning, undefined global variable
 M:=List([1..p^d],x->List([1..p^d],y->0));
                         ^
Syntax error: warning, undefined global variable
  v:=List([1..d],x->0);
         ^
Syntax error: warning, undefined global variable
 matrixgens:=Concatenation(X_V_Generators(2,3),d_U_Generators(),
                          ^
Syntax error: warning, undefined global variable
 return Group(Concatenation( List(matrixgens, x->MatrixMultToPerm(x,3,8)),
             ^
Syntax error: warning, undefined global variable
 return Group(Concatenation( List(matrixgens, x->MatrixMultToPerm(x,3,8)),
                           ^
Syntax error: warning, undefined global variable
 return Group(Concatenation( List(matrixgens, x->MatrixMultToPerm(x,3,8)),
                                 ^
Syntax error: warning, undefined global variable
 H:=List([1..p^d],x->List([1..p^d],y->0));
        ^
Syntax error: warning, undefined global variable
 H:=List([1..p^d],x->List([1..p^d],y->0));
                         ^
Syntax error: warning, undefined global variable
 v:=List([1..d],x->0);
        ^
Syntax error: warning, undefined global variable
   u:=List([1..d],x->0);
          ^
Syntax error: warning, undefined global variable
 matrixgens:=Concatenation(X_V_Generators(2,2),H_Generator(),
                          ^
Syntax error: warning, undefined global variable
 return Group(Concatenation( List(matrixgens, x->MatrixMultToPerm(x,3,4)),
             ^
Syntax error: warning, undefined global variable
 return Group(Concatenation( List(matrixgens, x->MatrixMultToPerm(x,3,4)),
                           ^
Syntax error: warning, undefined global variable
 return Group(Concatenation( List(matrixgens, x->MatrixMultToPerm(x,3,4)),
                                 ^
Syntax error: warning, undefined global variable
 prlist:=Factors(n);
                ^
Syntax error: warning, undefined global variable
   str:=ConcatenationString(str,String(p),"^",String(exp));
                           ^
Syntax error: warning, undefined global variable
   str:=ConcatenationString(str,String(p),"^",String(exp));
                                      ^
Syntax error: warning, undefined global variable
   str:=ConcatenationString(str,String(p),"^",String(exp));
                                                    ^
Syntax error: warning, undefined global variable
   str:=ConcatenationString(str,String(p));
                           ^
Syntax error: warning, undefined global variable
   str:=ConcatenationString(str,String(p));
                                      ^
Syntax error: warning, undefined global variable
  if i<=Length(prlist) then str:=ConcatenationString(str,"*"); fi;
                                                    ^
Syntax error: warning, undefined global variable
 agG:=AgGroup(G);
             ^
Syntax error: warning, undefined global variable
 spagG:=SpecialAgGroup(agG);
                      ^
Syntax error: warning, undefined global variable
 spagSylpG:=SylowSubgroup(spagG,p);
                         ^
Syntax error: warning, undefined global variable
 SylpG:=Image(phi, Image(psi,spagSylpG));
             ^
Syntax error: warning, undefined global variable
 SylpG:=Image(phi, Image(psi,spagSylpG));
                        ^
Syntax error: warning, undefined global variable
Print("[sizes:",Factorized(Size(agG)),",",Factorized(Size(spagG)),
                               ^
Syntax error: warning, undefined global variable
Print("[sizes:",Factorized(Size(agG)),",",Factorized(Size(spagG)),
                                                         ^
Syntax error: warning, undefined global variable
       ",",Factorized(Size(spagSylpG)),"]\c");
                          ^
Syntax error: warning, undefined global variable
 if IsSolvable(G) then
              ^
Syntax error: warning, undefined global variable
  size:=Size(G);
            ^
Syntax error: warning, undefined global variable
  if IsSolvable(R) then
               ^
Syntax error: warning, undefined global variable
   Print("\nsize=",Factorized(Size(R)),"\c");
                                  ^
Syntax error: warning, undefined global variable
  if IsSolvable(R) then
               ^
Syntax error: warning, undefined global variable
   Print("size=",Factorized(Size(R)),"\n");
                                ^
Syntax error: warning, undefined global variable
   g1:=Random(G);
             ^
Syntax error: warning, undefined global variable
   g2:=Random(G);
             ^
Syntax error: warning, undefined global variable
   g3:=Random(G);
             ^
Syntax error: warning, undefined global variable
   g4:=Random(G);
             ^
Syntax error: warning, undefined global variable
   g1:=Random(G); # repeated because the first set takes too long...
             ^
Syntax error: warning, undefined global variable
   g2:=Random(G);
             ^
Syntax error: warning, undefined global variable
   g3:=Random(G);
             ^
Syntax error: warning, undefined global variable
   g4:=Random(G);
             ^
Syntax error: warning, undefined global variable
   GR:=Group(g1,g2,g3,g4);
            ^
Syntax error: warning, undefined global variable
   if(IsSolvable(GR)) then
                ^
Syntax error: warning, undefined global variable
    size:=Size(GR);
              ^
Syntax error: warning, undefined global variable
    if IsSolvable(R) then
                 ^
Syntax error: warning, undefined global variable
     Print("\nsize=",Factorized(Size(R)),"\c");
                                    ^
Syntax error: warning, undefined global variable
    if IsSolvable(R) then
                 ^
Syntax error: warning, undefined global variable
     Print("size=",Factorized(Size(R)),"\n");
                                  ^
Syntax error: warning, undefined global variable
w  := Product( List( Cgs(G3), x -> x^(RelativeOrder(x)-1) ) );;
                                                   ^
Syntax error: warning, undefined global variable
G3 := Group( List( G3.generators, x -> x ^ w ), G3.identity );;
                                             ^
